<?xml version="1.0" encoding="UTF-8"?>
<!-- Generated by org.testng.reporters.JUnitXMLReporter -->
<testsuite hostname="DESKTOP-1EKQBD8" ignored="0" name="Test" tests="1" failures="1" timestamp="29 Mar 2020 19:56:04 GMT" time="0.866" errors="0">
  <testcase name="feature" time="0.284" classname="myRunner.ex1package2.Ex1TestRunner">
    <failure type="cucumber.runtime.CucumberException" message="java.lang.Error: Unresolved compilation problem: 
	The declared package &amp;quot;stepDefinition.ex1package&amp;quot; does not match the expected package &amp;quot;stepDefinition.ex1package2&amp;quot;
">
      <![CDATA[cucumber.runtime.CucumberException: java.lang.Error: Unresolved compilation problem: 
The declared package "stepDefinition.ex1package" does not match the expected package "stepDefinition.ex1package2"

at cucumber.api.testng.TestNGCucumberRunner.runCucumber(TestNGCucumberRunner.java:69)
at myRunner.ex1package2.Ex1TestRunner.feature(Ex1TestRunner.java:41)
Caused by: java.lang.Error: Unresolved compilation problem: 
The declared package "stepDefinition.ex1package" does not match the expected package "stepDefinition.ex1package2"

at stepDefinition.ex1package2.Ex1CarRentalAdminLogin.<init>(Ex1CarRentalAdminLogin.java:1)
at org.picocontainer.injectors.AbstractInjector.newInstance(AbstractInjector.java:145)
at org.picocontainer.injectors.ConstructorInjector$1.run(ConstructorInjector.java:342)
at org.picocontainer.injectors.AbstractInjector$ThreadLocalCyclicDependencyGuard.observe(AbstractInjector.java:270)
at org.picocontainer.injectors.ConstructorInjector.getComponentInstance(ConstructorInjector.java:364)
at org.picocontainer.injectors.AbstractInjectionFactory$LifecycleAdapter.getComponentInstance(AbstractInjectionFactory.java:56)
at org.picocontainer.behaviors.AbstractBehavior.getComponentInstance(AbstractBehavior.java:64)
at org.picocontainer.behaviors.Stored.getComponentInstance(Stored.java:91)
at org.picocontainer.DefaultPicoContainer.getInstance(DefaultPicoContainer.java:699)
at org.picocontainer.DefaultPicoContainer.getComponent(DefaultPicoContainer.java:647)
at org.picocontainer.DefaultPicoContainer.getComponent(DefaultPicoContainer.java:678)
at cucumber.runtime.java.picocontainer.PicoFactory.getInstance(PicoFactory.java:40)
at cucumber.runtime.java.JavaStepDefinition.execute(JavaStepDefinition.java:38)
at cucumber.runtime.StepDefinitionMatch.runStep(StepDefinitionMatch.java:37)
at cucumber.runtime.Runtime.runStep(Runtime.java:300)
at cucumber.runtime.model.StepContainer.runStep(StepContainer.java:44)
at cucumber.runtime.model.StepContainer.runSteps(StepContainer.java:39)
at cucumber.runtime.model.CucumberScenario.run(CucumberScenario.java:44)
at cucumber.runtime.model.CucumberFeature.run(CucumberFeature.java:165)
at cucumber.api.testng.TestNGCucumberRunner.runCucumber(TestNGCucumberRunner.java:63)
at myRunner.ex1package2.Ex1TestRunner.feature(Ex1TestRunner.java:41)
at ✽.Given user is on admin login page(src/test/java/features/ex1package/ex1login.feature:5)
... Removed 54 stack frames]]>
    </failure>
  </testcase> <!-- feature -->
</testsuite> <!-- Test -->
